TN:
SF:src/api/alerts.ts
FN:12,wrapVercelHandler
FN:15,(anonymous_1)
FNF:2
FNH:1
FNDA:8,wrapVercelHandler
FNDA:0,(anonymous_1)
DA:15,8
DA:16,0
DA:18,0
DA:19,0
DA:26,0
DA:29,0
DA:30,0
DA:32,0
DA:33,0
DA:36,0
DA:38,0
DA:39,0
DA:44,2
DA:47,2
DA:50,2
DA:53,2
DA:56,2
LF:17
LH:6
BRDA:18,0,0,0
BRDA:18,0,1,0
BRDA:22,1,0,0
BRDA:22,1,1,0
BRDA:32,2,0,0
BRDA:32,2,1,0
BRF:6
BRH:0
end_of_record
TN:
SF:src/api/hello.ts
FN:21,(anonymous_0)
FNF:1
FNH:1
FNDA:5,(anonymous_0)
DA:3,2
DA:21,2
DA:22,5
DA:23,5
DA:28,5
DA:30,0
DA:35,0
LF:7
LH:5
BRF:0
BRH:0
end_of_record
TN:
SF:src/api/index.ts
FN:8,createApiApp
FN:16,(anonymous_1)
FN:28,(anonymous_2)
FN:33,(anonymous_3)
FNF:4
FNH:4
FNDA:2,createApiApp
FNDA:7,(anonymous_1)
FNDA:1,(anonymous_2)
FNDA:1,(anonymous_3)
DA:9,2
DA:12,2
DA:13,2
DA:16,2
DA:17,7
DA:18,7
DA:19,7
DA:20,7
DA:24,2
DA:25,2
DA:28,2
DA:29,1
DA:33,2
DA:34,1
DA:41,2
LF:15
LH:15
BRF:0
BRH:0
end_of_record
